The system is: Windows - 10.0.18362 - AMD64
Compiling the C compiler identification source file "CMakeCCompilerId.c" succeeded.
Compiler: C:/Program Files (x86)/mingw-w64/i686-8.1.0-posix-dwarf-rt_v6-rev0/mingw32/bin/gcc.exe 
Build flags: 
Id flags:  

The output was:
0


Compilation of the C compiler identification source "CMakeCCompilerId.c" produced "a.exe"

The C compiler identification is GNU, found in "D:/CODING PROGRAMMES/C/PROJECTS/cmake-build-debug/CMakeFiles/3.17.3/CompilerIdC/a.exe"

Determining if the C compiler works passed with the following output:
Change Dir: D:/CODING PROGRAMMES/C/PROJECTS/cmake-build-debug/CMakeFiles/CMakeTmp

Run Build Command(s):C:/PROGRA~2/mingw-w64/i686-8.1.0-posix-dwarf-rt_v6-rev0/mingw32/bin/mingw32-make.exe cmTC_7c661/fast && C:/PROGRA~2/mingw-w64/i686-8.1.0-posix-dwarf-rt_v6-rev0/mingw32/bin/mingw32-make.exe  -f CMakeFiles\cmTC_7c661.dir\build.make CMakeFiles/cmTC_7c661.dir/build
mingw32-make.exe[1]: Entering directory 'D:/CODING PROGRAMMES/C/PROJECTS/cmake-build-debug/CMakeFiles/CMakeTmp'
Building C object CMakeFiles/cmTC_7c661.dir/testCCompiler.c.obj
C:\PROGRA~2\mingw-w64\i686-8.1.0-posix-dwarf-rt_v6-rev0\mingw32\bin\gcc.exe    -o CMakeFiles\cmTC_7c661.dir\testCCompiler.c.obj   -c "D:\CODING PROGRAMMES\C\PROJECTS\cmake-build-debug\CMakeFiles\CMakeTmp\testCCompiler.c"
Linking C executable cmTC_7c661.exe
"C:\Users\This Pc\AppData\Local\JetBrains\Toolbox\apps\CLion\ch-0\203.5981.166\bin\cmake\win\bin\cmake.exe" -E cmake_link_script CMakeFiles\cmTC_7c661.dir\link.txt --verbose=1
"C:\Users\This Pc\AppData\Local\JetBrains\Toolbox\apps\CLion\ch-0\203.5981.166\bin\cmake\win\bin\cmake.exe" -E rm -f CMakeFiles\cmTC_7c661.dir/objects.a
C:\PROGRA~2\mingw-w64\i686-8.1.0-posix-dwarf-rt_v6-rev0\mingw32\bin\ar.exe cr CMakeFiles\cmTC_7c661.dir/objects.a @CMakeFiles\cmTC_7c661.dir\objects1.rsp
C:\PROGRA~2\mingw-w64\i686-8.1.0-posix-dwarf-rt_v6-rev0\mingw32\bin\gcc.exe      -Wl,--whole-archive CMakeFiles\cmTC_7c661.dir/objects.a -Wl,--no-whole-archive  -o cmTC_7c661.exe -Wl,--out-implib,libcmTC_7c661.dll.a -Wl,--major-image-version,0,--minor-image-version,0 @CMakeFiles\cmTC_7c661.dir\linklibs.rsp
mingw32-make.exe[1]: Leaving directory 'D:/CODING PROGRAMMES/C/PROJECTS/cmake-build-debug/CMakeFiles/CMakeTmp'



